{"/Users/mohammed/Desktop/doodle/chat-app/src/components/Chat.tsx": {"path":"/Users/mohammed/Desktop/doodle/chat-app/src/components/Chat.tsx","statementMap":{"0":{"start":{"line":31,"column":24},"end":{"line":31,"column":null}},"1":{"start":{"line":3,"column":57},"end":{"line":3,"column":null}},"2":{"start":{"line":5,"column":45},"end":{"line":5,"column":null}},"3":{"start":{"line":6,"column":28},"end":{"line":6,"column":null}},"4":{"start":{"line":7,"column":25},"end":{"line":7,"column":null}},"5":{"start":{"line":9,"column":25},"end":{"line":9,"column":null}},"6":{"start":{"line":10,"column":23},"end":{"line":10,"column":null}},"7":{"start":{"line":13,"column":2},"end":{"line":15,"column":null}},"8":{"start":{"line":15,"column":6},"end":{"line":15,"column":null}},"9":{"start":{"line":21,"column":15},"end":{"line":21,"column":null}},"10":{"start":{"line":22,"column":2},"end":{"line":24,"column":null}},"11":{"start":{"line":23,"column":4},"end":{"line":23,"column":null}},"12":{"start":{"line":25,"column":2},"end":{"line":27,"column":null}},"13":{"start":{"line":26,"column":4},"end":{"line":26,"column":null}},"14":{"start":{"line":26,"column":25},"end":{"line":26,"column":null}},"15":{"start":{"line":28,"column":2},"end":{"line":28,"column":null}},"16":{"start":{"line":32,"column":34},"end":{"line":32,"column":null}},"17":{"start":{"line":33,"column":36},"end":{"line":33,"column":null}},"18":{"start":{"line":34,"column":44},"end":{"line":34,"column":null}},"19":{"start":{"line":35,"column":28},"end":{"line":35,"column":null}},"20":{"start":{"line":36,"column":36},"end":{"line":36,"column":null}},"21":{"start":{"line":37,"column":32},"end":{"line":37,"column":null}},"22":{"start":{"line":38,"column":42},"end":{"line":38,"column":null}},"23":{"start":{"line":39,"column":52},"end":{"line":39,"column":null}},"24":{"start":{"line":40,"column":46},"end":{"line":40,"column":null}},"25":{"start":{"line":41,"column":22},"end":{"line":41,"column":null}},"26":{"start":{"line":42,"column":30},"end":{"line":42,"column":null}},"27":{"start":{"line":43,"column":2},"end":{"line":43,"column":null}},"28":{"start":{"line":45,"column":2},"end":{"line":51,"column":null}},"29":{"start":{"line":46,"column":25},"end":{"line":46,"column":null}},"30":{"start":{"line":48,"column":4},"end":{"line":50,"column":null}},"31":{"start":{"line":49,"column":6},"end":{"line":49,"column":null}},"32":{"start":{"line":58,"column":23},"end":{"line":84,"column":null}},"33":{"start":{"line":59,"column":4},"end":{"line":83,"column":null}},"34":{"start":{"line":60,"column":19},"end":{"line":60,"column":38}},"35":{"start":{"line":61,"column":21},"end":{"line":61,"column":null}},"36":{"start":{"line":62,"column":21},"end":{"line":62,"column":null}},"37":{"start":{"line":64,"column":19},"end":{"line":67,"column":null}},"38":{"start":{"line":70,"column":6},"end":{"line":70,"column":null}},"39":{"start":{"line":70,"column":29},"end":{"line":70,"column":null}},"40":{"start":{"line":72,"column":6},"end":{"line":74,"column":null}},"41":{"start":{"line":73,"column":8},"end":{"line":73,"column":null}},"42":{"start":{"line":76,"column":6},"end":{"line":76,"column":null}},"43":{"start":{"line":76,"column":17},"end":{"line":76,"column":null}},"44":{"start":{"line":78,"column":6},"end":{"line":82,"column":null}},"45":{"start":{"line":79,"column":8},"end":{"line":79,"column":null}},"46":{"start":{"line":81,"column":8},"end":{"line":81,"column":null}},"47":{"start":{"line":86,"column":27},"end":{"line":109,"column":null}},"48":{"start":{"line":87,"column":4},"end":{"line":87,"column":null}},"49":{"start":{"line":87,"column":60},"end":{"line":87,"column":null}},"50":{"start":{"line":89,"column":4},"end":{"line":89,"column":null}},"51":{"start":{"line":90,"column":4},"end":{"line":108,"column":null}},"52":{"start":{"line":91,"column":28},"end":{"line":91,"column":39}},"53":{"start":{"line":92,"column":19},"end":{"line":95,"column":null}},"54":{"start":{"line":97,"column":6},"end":{"line":103,"column":null}},"55":{"start":{"line":98,"column":8},"end":{"line":98,"column":null}},"56":{"start":{"line":100,"column":8},"end":{"line":100,"column":null}},"57":{"start":{"line":100,"column":30},"end":{"line":100,"column":null}},"58":{"start":{"line":101,"column":8},"end":{"line":101,"column":null}},"59":{"start":{"line":102,"column":8},"end":{"line":102,"column":null}},"60":{"start":{"line":102,"column":33},"end":{"line":102,"column":null}},"61":{"start":{"line":105,"column":6},"end":{"line":105,"column":null}},"62":{"start":{"line":107,"column":6},"end":{"line":107,"column":null}},"63":{"start":{"line":111,"column":2},"end":{"line":123,"column":null}},"64":{"start":{"line":112,"column":32},"end":{"line":116,"column":null}},"65":{"start":{"line":113,"column":6},"end":{"line":113,"column":null}},"66":{"start":{"line":114,"column":6},"end":{"line":114,"column":null}},"67":{"start":{"line":115,"column":6},"end":{"line":115,"column":null}},"68":{"start":{"line":118,"column":4},"end":{"line":118,"column":null}},"69":{"start":{"line":120,"column":23},"end":{"line":120,"column":null}},"70":{"start":{"line":122,"column":4},"end":{"line":122,"column":null}},"71":{"start":{"line":122,"column":17},"end":{"line":122,"column":null}},"72":{"start":{"line":125,"column":2},"end":{"line":129,"column":null}},"73":{"start":{"line":126,"column":4},"end":{"line":126,"column":null}},"74":{"start":{"line":126,"column":75},"end":{"line":126,"column":null}},"75":{"start":{"line":127,"column":4},"end":{"line":127,"column":null}},"76":{"start":{"line":128,"column":4},"end":{"line":128,"column":null}},"77":{"start":{"line":128,"column":32},"end":{"line":128,"column":null}},"78":{"start":{"line":131,"column":28},"end":{"line":153,"column":null}},"79":{"start":{"line":132,"column":4},"end":{"line":132,"column":null}},"80":{"start":{"line":133,"column":4},"end":{"line":133,"column":null}},"81":{"start":{"line":135,"column":4},"end":{"line":152,"column":null}},"82":{"start":{"line":136,"column":25},"end":{"line":139,"column":null}},"83":{"start":{"line":140,"column":6},"end":{"line":140,"column":null}},"84":{"start":{"line":141,"column":6},"end":{"line":141,"column":null}},"85":{"start":{"line":142,"column":6},"end":{"line":142,"column":null}},"86":{"start":{"line":142,"column":28},"end":{"line":142,"column":null}},"87":{"start":{"line":143,"column":6},"end":{"line":143,"column":null}},"88":{"start":{"line":143,"column":34},"end":{"line":143,"column":null}},"89":{"start":{"line":145,"column":6},"end":{"line":149,"column":null}},"90":{"start":{"line":146,"column":8},"end":{"line":146,"column":null}},"91":{"start":{"line":148,"column":8},"end":{"line":148,"column":null}},"92":{"start":{"line":151,"column":6},"end":{"line":151,"column":null}}},"fnMap":{"0":{"name":"sortMessagesByDate","decl":{"start":{"line":12,"column":9},"end":{"line":12,"column":28}},"loc":{"start":{"line":12,"column":47},"end":{"line":17,"column":null}}},"1":{"name":"(anonymous_3)","decl":{"start":{"line":14,"column":4},"end":{"line":14,"column":5}},"loc":{"start":{"line":15,"column":6},"end":{"line":15,"column":null}}},"2":{"name":"mergeMessagesWithServer","decl":{"start":{"line":20,"column":9},"end":{"line":20,"column":33}},"loc":{"start":{"line":20,"column":71},"end":{"line":29,"column":null}}},"3":{"name":"Chat","decl":{"start":{"line":31,"column":24},"end":{"line":31,"column":null}},"loc":{"start":{"line":31,"column":24},"end":{"line":177,"column":null}}},"4":{"name":"(anonymous_6)","decl":{"start":{"line":45,"column":12},"end":{"line":45,"column":null}},"loc":{"start":{"line":45,"column":12},"end":{"line":51,"column":5}}},"5":{"name":"(anonymous_7)","decl":{"start":{"line":58,"column":35},"end":{"line":58,"column":null}},"loc":{"start":{"line":58,"column":35},"end":{"line":84,"column":5}}},"6":{"name":"(anonymous_8)","decl":{"start":{"line":70,"column":18},"end":{"line":70,"column":19}},"loc":{"start":{"line":70,"column":29},"end":{"line":70,"column":null}}},"7":{"name":"(anonymous_9)","decl":{"start":{"line":86,"column":39},"end":{"line":86,"column":null}},"loc":{"start":{"line":86,"column":39},"end":{"line":109,"column":5}}},"8":{"name":"(anonymous_10)","decl":{"start":{"line":100,"column":20},"end":{"line":100,"column":21}},"loc":{"start":{"line":100,"column":30},"end":{"line":100,"column":null}}},"9":{"name":"(anonymous_11)","decl":{"start":{"line":102,"column":26},"end":{"line":102,"column":27}},"loc":{"start":{"line":102,"column":33},"end":{"line":102,"column":null}}},"10":{"name":"(anonymous_12)","decl":{"start":{"line":111,"column":12},"end":{"line":111,"column":null}},"loc":{"start":{"line":111,"column":12},"end":{"line":123,"column":5}}},"11":{"name":"(anonymous_13)","decl":{"start":{"line":112,"column":32},"end":{"line":112,"column":null}},"loc":{"start":{"line":112,"column":32},"end":{"line":116,"column":null}}},"12":{"name":"(anonymous_14)","decl":{"start":{"line":122,"column":11},"end":{"line":122,"column":17}},"loc":{"start":{"line":122,"column":17},"end":{"line":122,"column":null}}},"13":{"name":"(anonymous_15)","decl":{"start":{"line":125,"column":12},"end":{"line":125,"column":null}},"loc":{"start":{"line":125,"column":12},"end":{"line":129,"column":5}}},"14":{"name":"(anonymous_16)","decl":{"start":{"line":128,"column":25},"end":{"line":128,"column":26}},"loc":{"start":{"line":128,"column":32},"end":{"line":128,"column":null}}},"15":{"name":"(anonymous_17)","decl":{"start":{"line":131,"column":28},"end":{"line":131,"column":35}},"loc":{"start":{"line":131,"column":56},"end":{"line":153,"column":null}}},"16":{"name":"(anonymous_18)","decl":{"start":{"line":142,"column":18},"end":{"line":142,"column":19}},"loc":{"start":{"line":142,"column":28},"end":{"line":142,"column":null}}},"17":{"name":"(anonymous_19)","decl":{"start":{"line":143,"column":27},"end":{"line":143,"column":28}},"loc":{"start":{"line":143,"column":34},"end":{"line":143,"column":null}}}},"branchMap":{"0":{"loc":{"start":{"line":26,"column":4},"end":{"line":26,"column":null}},"type":"if","locations":[{"start":{"line":26,"column":4},"end":{"line":26,"column":null}}]},"1":{"loc":{"start":{"line":48,"column":4},"end":{"line":50,"column":null}},"type":"if","locations":[{"start":{"line":48,"column":4},"end":{"line":50,"column":null}}]},"2":{"loc":{"start":{"line":62,"column":21},"end":{"line":62,"column":null}},"type":"cond-expr","locations":[{"start":{"line":62,"column":41},"end":{"line":62,"column":76}},{"start":{"line":62,"column":79},"end":{"line":62,"column":null}}]},"3":{"loc":{"start":{"line":65,"column":8},"end":{"line":67,"column":null}},"type":"cond-expr","locations":[{"start":{"line":66,"column":12},"end":{"line":66,"column":null}},{"start":{"line":67,"column":12},"end":{"line":67,"column":null}}]},"4":{"loc":{"start":{"line":72,"column":6},"end":{"line":74,"column":null}},"type":"if","locations":[{"start":{"line":72,"column":6},"end":{"line":74,"column":null}}]},"5":{"loc":{"start":{"line":76,"column":6},"end":{"line":76,"column":null}},"type":"if","locations":[{"start":{"line":76,"column":6},"end":{"line":76,"column":null}}]},"6":{"loc":{"start":{"line":78,"column":6},"end":{"line":82,"column":null}},"type":"if","locations":[{"start":{"line":78,"column":6},"end":{"line":82,"column":null}},{"start":{"line":80,"column":13},"end":{"line":82,"column":null}}]},"7":{"loc":{"start":{"line":87,"column":4},"end":{"line":87,"column":null}},"type":"if","locations":[{"start":{"line":87,"column":4},"end":{"line":87,"column":null}}]},"8":{"loc":{"start":{"line":87,"column":8},"end":{"line":87,"column":60}},"type":"binary-expr","locations":[{"start":{"line":87,"column":8},"end":{"line":87,"column":25}},{"start":{"line":87,"column":25},"end":{"line":87,"column":37}},{"start":{"line":87,"column":37},"end":{"line":87,"column":60}}]},"9":{"loc":{"start":{"line":97,"column":6},"end":{"line":103,"column":null}},"type":"if","locations":[{"start":{"line":97,"column":6},"end":{"line":103,"column":null}},{"start":{"line":99,"column":13},"end":{"line":103,"column":null}}]},"10":{"loc":{"start":{"line":126,"column":4},"end":{"line":126,"column":null}},"type":"if","locations":[{"start":{"line":126,"column":4},"end":{"line":126,"column":null}}]},"11":{"loc":{"start":{"line":126,"column":8},"end":{"line":126,"column":73}},"type":"binary-expr","locations":[{"start":{"line":126,"column":8},"end":{"line":126,"column":21}},{"start":{"line":126,"column":21},"end":{"line":126,"column":46}},{"start":{"line":126,"column":46},"end":{"line":126,"column":73}}]},"12":{"loc":{"start":{"line":145,"column":6},"end":{"line":149,"column":null}},"type":"if","locations":[{"start":{"line":145,"column":6},"end":{"line":149,"column":null}},{"start":{"line":147,"column":13},"end":{"line":149,"column":null}}]}},"s":{"0":19,"1":1,"2":1,"3":1,"4":1,"5":1,"6":1,"7":80,"8":344,"9":18,"10":18,"11":131,"12":18,"13":5,"14":1,"15":18,"16":48,"17":48,"18":48,"19":48,"20":48,"21":48,"22":48,"23":48,"24":48,"25":48,"26":48,"27":48,"28":48,"29":19,"30":19,"31":2,"32":48,"33":41,"34":41,"35":41,"36":41,"37":41,"38":39,"39":18,"40":39,"41":26,"42":39,"43":1,"44":2,"45":2,"46":0,"47":48,"48":0,"49":0,"50":0,"51":0,"52":0,"53":0,"54":0,"55":0,"56":0,"57":0,"58":0,"59":0,"60":0,"61":0,"62":0,"63":48,"64":21,"65":21,"66":21,"67":21,"68":21,"69":21,"70":21,"71":21,"72":48,"73":37,"74":27,"75":10,"76":10,"77":10,"78":48,"79":5,"80":5,"81":5,"82":5,"83":3,"84":3,"85":3,"86":3,"87":3,"88":3,"89":1,"90":1,"91":0,"92":4},"f":{"0":80,"1":344,"2":18,"3":48,"4":19,"5":41,"6":18,"7":0,"8":0,"9":0,"10":21,"11":21,"12":21,"13":37,"14":10,"15":5,"16":3,"17":3},"b":{"0":[1],"1":[2],"2":[13,28],"3":[13,28],"4":[26],"5":[1],"6":[2,0],"7":[0],"8":[0,0,0],"9":[0,0],"10":[27],"11":[37,16,16],"12":[1,0]}}
,"/Users/mohammed/Desktop/doodle/chat-app/src/components/MessageInput.tsx": {"path":"/Users/mohammed/Desktop/doodle/chat-app/src/components/MessageInput.tsx","statementMap":{"0":{"start":{"line":11,"column":24},"end":{"line":11,"column":37}},"1":{"start":{"line":3,"column":40},"end":{"line":3,"column":null}},"2":{"start":{"line":16,"column":32},"end":{"line":16,"column":null}},"3":{"start":{"line":17,"column":28},"end":{"line":17,"column":null}},"4":{"start":{"line":19,"column":23},"end":{"line":33,"column":null}},"5":{"start":{"line":20,"column":4},"end":{"line":20,"column":null}},"6":{"start":{"line":21,"column":4},"end":{"line":21,"column":null}},"7":{"start":{"line":23,"column":27},"end":{"line":23,"column":null}},"8":{"start":{"line":24,"column":26},"end":{"line":24,"column":null}},"9":{"start":{"line":26,"column":4},"end":{"line":29,"column":null}},"10":{"start":{"line":27,"column":6},"end":{"line":27,"column":null}},"11":{"start":{"line":28,"column":6},"end":{"line":28,"column":null}},"12":{"start":{"line":31,"column":4},"end":{"line":31,"column":null}},"13":{"start":{"line":32,"column":4},"end":{"line":32,"column":null}},"14":{"start":{"line":35,"column":24},"end":{"line":40,"column":null}},"15":{"start":{"line":36,"column":4},"end":{"line":39,"column":null}},"16":{"start":{"line":37,"column":6},"end":{"line":37,"column":null}},"17":{"start":{"line":38,"column":6},"end":{"line":38,"column":null}},"18":{"start":{"line":52,"column":29},"end":{"line":52,"column":null}}},"fnMap":{"0":{"name":"MessageInput","decl":{"start":{"line":11,"column":24},"end":{"line":11,"column":37}},"loc":{"start":{"line":15,"column":20},"end":{"line":80,"column":null}}},"1":{"name":"(anonymous_2)","decl":{"start":{"line":19,"column":23},"end":{"line":19,"column":30}},"loc":{"start":{"line":19,"column":30},"end":{"line":33,"column":null}}},"2":{"name":"(anonymous_3)","decl":{"start":{"line":35,"column":24},"end":{"line":35,"column":25}},"loc":{"start":{"line":35,"column":25},"end":{"line":40,"column":null}}},"3":{"name":"(anonymous_4)","decl":{"start":{"line":52,"column":22},"end":{"line":52,"column":23}},"loc":{"start":{"line":52,"column":29},"end":{"line":52,"column":null}}}},"branchMap":{"0":{"loc":{"start":{"line":26,"column":4},"end":{"line":29,"column":null}},"type":"if","locations":[{"start":{"line":26,"column":4},"end":{"line":29,"column":null}}]},"1":{"loc":{"start":{"line":31,"column":40},"end":{"line":31,"column":null}},"type":"binary-expr","locations":[{"start":{"line":31,"column":40},"end":{"line":31,"column":57}},{"start":{"line":31,"column":57},"end":{"line":31,"column":null}}]},"2":{"loc":{"start":{"line":36,"column":4},"end":{"line":39,"column":null}},"type":"if","locations":[{"start":{"line":36,"column":4},"end":{"line":39,"column":null}}]},"3":{"loc":{"start":{"line":36,"column":8},"end":{"line":36,"column":40}},"type":"binary-expr","locations":[{"start":{"line":36,"column":8},"end":{"line":36,"column":29}},{"start":{"line":36,"column":29},"end":{"line":36,"column":40}}]},"4":{"loc":{"start":{"line":61,"column":22},"end":{"line":61,"column":null}},"type":"binary-expr","locations":[{"start":{"line":61,"column":22},"end":{"line":61,"column":35}},{"start":{"line":61,"column":35},"end":{"line":61,"column":null}}]},"5":{"loc":{"start":{"line":65,"column":13},"end":{"line":68,"column":null}},"type":"cond-expr","locations":[{"start":{"line":66,"column":14},"end":{"line":68,"column":null}},{"start":{"line":68,"column":14},"end":{"line":68,"column":null}}]},"6":{"loc":{"start":{"line":72,"column":9},"end":{"line":72,"column":null}},"type":"binary-expr","locations":[{"start":{"line":72,"column":9},"end":{"line":72,"column":null}}]}},"s":{"0":10,"1":1,"2":70,"3":70,"4":70,"5":5,"6":5,"7":5,"8":5,"9":5,"10":1,"11":1,"12":4,"13":4,"14":70,"15":54,"16":2,"17":2,"18":51},"f":{"0":70,"1":5,"2":54,"3":51},"b":{"0":[1],"1":[4,1],"2":[2],"3":[54,3],"4":[70,69],"5":[1,69],"6":[70]}}
,"/Users/mohammed/Desktop/doodle/chat-app/src/components/MessageList.tsx": {"path":"/Users/mohammed/Desktop/doodle/chat-app/src/components/MessageList.tsx","statementMap":{"0":{"start":{"line":124,"column":16},"end":{"line":124,"column":28}},"1":{"start":{"line":11,"column":7},"end":{"line":11,"column":null}},"2":{"start":{"line":12,"column":31},"end":{"line":12,"column":null}},"3":{"start":{"line":21,"column":2},"end":{"line":24,"column":null}},"4":{"start":{"line":28,"column":15},"end":{"line":28,"column":null}},"5":{"start":{"line":30,"column":2},"end":{"line":41,"column":null}},"6":{"start":{"line":45,"column":22},"end":{"line":82,"column":null}},"7":{"start":{"line":122,"column":12},"end":{"line":122,"column":null}},"8":{"start":{"line":135,"column":20},"end":{"line":135,"column":null}},"9":{"start":{"line":136,"column":19},"end":{"line":136,"column":null}},"10":{"start":{"line":137,"column":42},"end":{"line":137,"column":null}},"11":{"start":{"line":138,"column":26},"end":{"line":138,"column":null}},"12":{"start":{"line":139,"column":2},"end":{"line":139,"column":null}},"13":{"start":{"line":144,"column":22},"end":{"line":151,"column":null}},"14":{"start":{"line":146,"column":28},"end":{"line":146,"column":45}},"15":{"start":{"line":147,"column":24},"end":{"line":147,"column":null}},"16":{"start":{"line":149,"column":27},"end":{"line":149,"column":null}},"17":{"start":{"line":150,"column":28},"end":{"line":150,"column":null}},"18":{"start":{"line":153,"column":25},"end":{"line":156,"column":null}},"19":{"start":{"line":154,"column":4},"end":{"line":154,"column":null}},"20":{"start":{"line":154,"column":31},"end":{"line":154,"column":null}},"21":{"start":{"line":155,"column":4},"end":{"line":155,"column":null}},"22":{"start":{"line":158,"column":2},"end":{"line":161,"column":null}},"23":{"start":{"line":159,"column":4},"end":{"line":159,"column":null}},"24":{"start":{"line":159,"column":48},"end":{"line":159,"column":null}},"25":{"start":{"line":160,"column":4},"end":{"line":160,"column":null}},"26":{"start":{"line":163,"column":2},"end":{"line":167,"column":null}},"27":{"start":{"line":164,"column":4},"end":{"line":164,"column":null}},"28":{"start":{"line":164,"column":58},"end":{"line":164,"column":null}},"29":{"start":{"line":165,"column":4},"end":{"line":165,"column":null}},"30":{"start":{"line":166,"column":4},"end":{"line":166,"column":null}},"31":{"start":{"line":169,"column":2},"end":{"line":172,"column":null}},"32":{"start":{"line":170,"column":4},"end":{"line":170,"column":null}},"33":{"start":{"line":170,"column":30},"end":{"line":170,"column":null}},"34":{"start":{"line":171,"column":4},"end":{"line":171,"column":null}},"35":{"start":{"line":174,"column":2},"end":{"line":183,"column":null}},"36":{"start":{"line":175,"column":4},"end":{"line":175,"column":null}},"37":{"start":{"line":175,"column":48},"end":{"line":175,"column":null}},"38":{"start":{"line":176,"column":4},"end":{"line":176,"column":null}},"39":{"start":{"line":177,"column":18},"end":{"line":181,"column":null}},"40":{"start":{"line":178,"column":6},"end":{"line":180,"column":null}},"41":{"start":{"line":179,"column":8},"end":{"line":179,"column":null}},"42":{"start":{"line":182,"column":4},"end":{"line":182,"column":null}},"43":{"start":{"line":182,"column":17},"end":{"line":182,"column":null}},"44":{"start":{"line":185,"column":2},"end":{"line":197,"column":null}},"45":{"start":{"line":186,"column":18},"end":{"line":186,"column":34}},"46":{"start":{"line":187,"column":4},"end":{"line":187,"column":null}},"47":{"start":{"line":187,"column":57},"end":{"line":187,"column":null}},"48":{"start":{"line":189,"column":15},"end":{"line":193,"column":null}},"49":{"start":{"line":190,"column":6},"end":{"line":190,"column":null}},"50":{"start":{"line":190,"column":61},"end":{"line":190,"column":null}},"51":{"start":{"line":191,"column":19},"end":{"line":191,"column":null}},"52":{"start":{"line":192,"column":6},"end":{"line":192,"column":null}},"53":{"start":{"line":195,"column":4},"end":{"line":195,"column":null}},"54":{"start":{"line":196,"column":4},"end":{"line":196,"column":null}},"55":{"start":{"line":196,"column":17},"end":{"line":196,"column":null}},"56":{"start":{"line":199,"column":23},"end":{"line":208,"column":null}},"57":{"start":{"line":200,"column":4},"end":{"line":207,"column":null}},"58":{"start":{"line":201,"column":56},"end":{"line":201,"column":73}},"59":{"start":{"line":202,"column":6},"end":{"line":202,"column":null}},"60":{"start":{"line":204,"column":6},"end":{"line":206,"column":null}},"61":{"start":{"line":205,"column":8},"end":{"line":205,"column":null}},"62":{"start":{"line":210,"column":23},"end":{"line":219,"column":null}},"63":{"start":{"line":212,"column":6},"end":{"line":218,"column":null}},"64":{"start":{"line":214,"column":12},"end":{"line":217,"column":null}},"65":{"start":{"line":218,"column":16},"end":{"line":218,"column":null}},"66":{"start":{"line":222,"column":2},"end":{"line":229,"column":null}},"67":{"start":{"line":231,"column":2},"end":{"line":233,"column":null}},"68":{"start":{"line":235,"column":2},"end":{"line":242,"column":null}},"69":{"start":{"line":264,"column":26},"end":{"line":264,"column":53}},"70":{"start":{"line":265,"column":10},"end":{"line":267,"column":null}}},"fnMap":{"0":{"name":"decodeEntities","decl":{"start":{"line":20,"column":9},"end":{"line":20,"column":24}},"loc":{"start":{"line":20,"column":36},"end":{"line":25,"column":null}}},"1":{"name":"formatTimestamp","decl":{"start":{"line":27,"column":9},"end":{"line":27,"column":25}},"loc":{"start":{"line":27,"column":43},"end":{"line":43,"column":null}}},"2":{"name":"MessageBubble","decl":{"start":{"line":45,"column":36},"end":{"line":45,"column":50}},"loc":{"start":{"line":45,"column":95},"end":{"line":82,"column":null}}},"3":{"name":"MessageState","decl":{"start":{"line":84,"column":9},"end":{"line":84,"column":22}},"loc":{"start":{"line":92,"column":1},"end":{"line":106,"column":null}}},"4":{"name":"MessageList","decl":{"start":{"line":124,"column":16},"end":{"line":124,"column":28}},"loc":{"start":{"line":134,"column":19},"end":{"line":288,"column":null}}},"5":{"name":"(anonymous_6)","decl":{"start":{"line":146,"column":22},"end":{"line":146,"column":28}},"loc":{"start":{"line":146,"column":28},"end":{"line":146,"column":45}}},"6":{"name":"(anonymous_7)","decl":{"start":{"line":147,"column":18},"end":{"line":147,"column":24}},"loc":{"start":{"line":147,"column":24},"end":{"line":147,"column":null}}},"7":{"name":"(anonymous_8)","decl":{"start":{"line":149,"column":16},"end":{"line":149,"column":17}},"loc":{"start":{"line":149,"column":27},"end":{"line":149,"column":null}}},"8":{"name":"(anonymous_9)","decl":{"start":{"line":150,"column":20},"end":{"line":150,"column":21}},"loc":{"start":{"line":150,"column":28},"end":{"line":150,"column":null}}},"9":{"name":"(anonymous_10)","decl":{"start":{"line":153,"column":37},"end":{"line":153,"column":null}},"loc":{"start":{"line":153,"column":37},"end":{"line":156,"column":5}}},"10":{"name":"(anonymous_11)","decl":{"start":{"line":158,"column":18},"end":{"line":158,"column":null}},"loc":{"start":{"line":158,"column":18},"end":{"line":161,"column":5}}},"11":{"name":"(anonymous_12)","decl":{"start":{"line":163,"column":18},"end":{"line":163,"column":null}},"loc":{"start":{"line":163,"column":18},"end":{"line":167,"column":5}}},"12":{"name":"(anonymous_13)","decl":{"start":{"line":169,"column":18},"end":{"line":169,"column":null}},"loc":{"start":{"line":169,"column":18},"end":{"line":172,"column":5}}},"13":{"name":"(anonymous_14)","decl":{"start":{"line":174,"column":12},"end":{"line":174,"column":null}},"loc":{"start":{"line":174,"column":12},"end":{"line":183,"column":5}}},"14":{"name":"(anonymous_15)","decl":{"start":{"line":177,"column":40},"end":{"line":177,"column":null}},"loc":{"start":{"line":177,"column":40},"end":{"line":181,"column":null}}},"15":{"name":"(anonymous_16)","decl":{"start":{"line":178,"column":28},"end":{"line":178,"column":null}},"loc":{"start":{"line":178,"column":28},"end":{"line":180,"column":null}}},"16":{"name":"(anonymous_17)","decl":{"start":{"line":182,"column":11},"end":{"line":182,"column":17}},"loc":{"start":{"line":182,"column":17},"end":{"line":182,"column":null}}},"17":{"name":"(anonymous_18)","decl":{"start":{"line":185,"column":12},"end":{"line":185,"column":null}},"loc":{"start":{"line":185,"column":12},"end":{"line":197,"column":5}}},"18":{"name":"(anonymous_19)","decl":{"start":{"line":189,"column":34},"end":{"line":189,"column":null}},"loc":{"start":{"line":189,"column":34},"end":{"line":193,"column":null}}},"19":{"name":"(anonymous_20)","decl":{"start":{"line":196,"column":11},"end":{"line":196,"column":17}},"loc":{"start":{"line":196,"column":17},"end":{"line":196,"column":null}}},"20":{"name":"(anonymous_21)","decl":{"start":{"line":199,"column":23},"end":{"line":199,"column":null}},"loc":{"start":{"line":199,"column":23},"end":{"line":208,"column":null}}},"21":{"name":"(anonymous_22)","decl":{"start":{"line":211,"column":4},"end":{"line":211,"column":null}},"loc":{"start":{"line":212,"column":6},"end":{"line":218,"column":null}}},"22":{"name":"(anonymous_23)","decl":{"start":{"line":213,"column":10},"end":{"line":213,"column":11}},"loc":{"start":{"line":214,"column":12},"end":{"line":217,"column":null}}},"23":{"name":"(anonymous_24)","decl":{"start":{"line":218,"column":10},"end":{"line":218,"column":16}},"loc":{"start":{"line":218,"column":16},"end":{"line":218,"column":null}}},"24":{"name":"(anonymous_25)","decl":{"start":{"line":263,"column":43},"end":{"line":263,"column":44}},"loc":{"start":{"line":263,"column":44},"end":{"line":284,"column":null}}}},"branchMap":{"0":{"loc":{"start":{"line":48,"column":40},"end":{"line":48,"column":88}},"type":"cond-expr","locations":[{"start":{"line":48,"column":55},"end":{"line":48,"column":71}},{"start":{"line":48,"column":71},"end":{"line":48,"column":88}}]},"1":{"loc":{"start":{"line":53,"column":10},"end":{"line":55,"column":null}},"type":"cond-expr","locations":[{"start":{"line":54,"column":14},"end":{"line":54,"column":null}},{"start":{"line":55,"column":14},"end":{"line":55,"column":null}}]},"2":{"loc":{"start":{"line":58,"column":9},"end":{"line":58,"column":null}},"type":"binary-expr","locations":[{"start":{"line":58,"column":9},"end":{"line":58,"column":null}}]},"3":{"loc":{"start":{"line":65,"column":12},"end":{"line":67,"column":null}},"type":"cond-expr","locations":[{"start":{"line":66,"column":16},"end":{"line":66,"column":null}},{"start":{"line":67,"column":16},"end":{"line":67,"column":null}}]},"4":{"loc":{"start":{"line":74,"column":12},"end":{"line":74,"column":null}},"type":"cond-expr","locations":[{"start":{"line":74,"column":27},"end":{"line":74,"column":57}},{"start":{"line":74,"column":57},"end":{"line":74,"column":null}}]},"5":{"loc":{"start":{"line":87,"column":2},"end":{"line":87,"column":18}},"type":"default-arg","locations":[{"start":{"line":87,"column":9},"end":{"line":87,"column":18}}]},"6":{"loc":{"start":{"line":98,"column":10},"end":{"line":98,"column":null}},"type":"cond-expr","locations":[{"start":{"line":98,"column":29},"end":{"line":98,"column":50}},{"start":{"line":98,"column":50},"end":{"line":98,"column":null}}]},"7":{"loc":{"start":{"line":149,"column":27},"end":{"line":149,"column":null}},"type":"binary-expr","locations":[{"start":{"line":149,"column":27},"end":{"line":149,"column":50}},{"start":{"line":149,"column":50},"end":{"line":149,"column":null}}]},"8":{"loc":{"start":{"line":154,"column":4},"end":{"line":154,"column":null}},"type":"if","locations":[{"start":{"line":154,"column":4},"end":{"line":154,"column":null}}]},"9":{"loc":{"start":{"line":159,"column":4},"end":{"line":159,"column":null}},"type":"if","locations":[{"start":{"line":159,"column":4},"end":{"line":159,"column":null}}]},"10":{"loc":{"start":{"line":159,"column":8},"end":{"line":159,"column":48}},"type":"binary-expr","locations":[{"start":{"line":159,"column":8},"end":{"line":159,"column":25}},{"start":{"line":159,"column":25},"end":{"line":159,"column":48}}]},"11":{"loc":{"start":{"line":164,"column":4},"end":{"line":164,"column":null}},"type":"if","locations":[{"start":{"line":164,"column":4},"end":{"line":164,"column":null}}]},"12":{"loc":{"start":{"line":164,"column":8},"end":{"line":164,"column":58}},"type":"binary-expr","locations":[{"start":{"line":164,"column":8},"end":{"line":164,"column":35}},{"start":{"line":164,"column":35},"end":{"line":164,"column":58}}]},"13":{"loc":{"start":{"line":170,"column":4},"end":{"line":170,"column":null}},"type":"if","locations":[{"start":{"line":170,"column":4},"end":{"line":170,"column":null}}]},"14":{"loc":{"start":{"line":175,"column":4},"end":{"line":175,"column":null}},"type":"if","locations":[{"start":{"line":175,"column":4},"end":{"line":175,"column":null}}]},"15":{"loc":{"start":{"line":175,"column":8},"end":{"line":175,"column":48}},"type":"binary-expr","locations":[{"start":{"line":175,"column":8},"end":{"line":175,"column":25}},{"start":{"line":175,"column":25},"end":{"line":175,"column":48}}]},"16":{"loc":{"start":{"line":187,"column":4},"end":{"line":187,"column":null}},"type":"if","locations":[{"start":{"line":187,"column":4},"end":{"line":187,"column":null}}]},"17":{"loc":{"start":{"line":187,"column":8},"end":{"line":187,"column":57}},"type":"binary-expr","locations":[{"start":{"line":187,"column":8},"end":{"line":187,"column":18}},{"start":{"line":187,"column":18},"end":{"line":187,"column":57}}]},"18":{"loc":{"start":{"line":190,"column":6},"end":{"line":190,"column":null}},"type":"if","locations":[{"start":{"line":190,"column":6},"end":{"line":190,"column":null}}]},"19":{"loc":{"start":{"line":190,"column":10},"end":{"line":190,"column":61}},"type":"binary-expr","locations":[{"start":{"line":190,"column":10},"end":{"line":190,"column":34}},{"start":{"line":190,"column":38},"end":{"line":190,"column":61}}]},"20":{"loc":{"start":{"line":200,"column":4},"end":{"line":207,"column":null}},"type":"if","locations":[{"start":{"line":200,"column":4},"end":{"line":207,"column":null}}]},"21":{"loc":{"start":{"line":204,"column":6},"end":{"line":206,"column":null}},"type":"if","locations":[{"start":{"line":204,"column":6},"end":{"line":206,"column":null}}]},"22":{"loc":{"start":{"line":204,"column":10},"end":{"line":204,"column":55}},"type":"binary-expr","locations":[{"start":{"line":204,"column":10},"end":{"line":204,"column":28}},{"start":{"line":204,"column":28},"end":{"line":204,"column":39}},{"start":{"line":204,"column":39},"end":{"line":204,"column":55}}]},"23":{"loc":{"start":{"line":212,"column":6},"end":{"line":218,"column":null}},"type":"cond-expr","locations":[{"start":{"line":213,"column":10},"end":{"line":217,"column":null}},{"start":{"line":218,"column":10},"end":{"line":218,"column":null}}]},"24":{"loc":{"start":{"line":222,"column":2},"end":{"line":229,"column":null}},"type":"if","locations":[{"start":{"line":222,"column":2},"end":{"line":229,"column":null}}]},"25":{"loc":{"start":{"line":222,"column":6},"end":{"line":222,"column":42}},"type":"binary-expr","locations":[{"start":{"line":222,"column":6},"end":{"line":222,"column":19}},{"start":{"line":222,"column":19},"end":{"line":222,"column":42}}]},"26":{"loc":{"start":{"line":231,"column":2},"end":{"line":233,"column":null}},"type":"if","locations":[{"start":{"line":231,"column":2},"end":{"line":233,"column":null}}]},"27":{"loc":{"start":{"line":231,"column":6},"end":{"line":231,"column":38}},"type":"binary-expr","locations":[{"start":{"line":231,"column":6},"end":{"line":231,"column":15}},{"start":{"line":231,"column":15},"end":{"line":231,"column":38}}]},"28":{"loc":{"start":{"line":235,"column":2},"end":{"line":242,"column":null}},"type":"if","locations":[{"start":{"line":235,"column":2},"end":{"line":242,"column":null}}]},"29":{"loc":{"start":{"line":250,"column":7},"end":{"line":250,"column":null}},"type":"binary-expr","locations":[{"start":{"line":250,"column":7},"end":{"line":250,"column":null}}]}},"s":{"0":6,"1":1,"2":1,"3":0,"4":0,"5":0,"6":1,"7":1,"8":6,"9":6,"10":6,"11":6,"12":6,"13":6,"14":0,"15":0,"16":0,"17":0,"18":6,"19":6,"20":0,"21":6,"22":6,"23":6,"24":3,"25":3,"26":6,"27":6,"28":6,"29":0,"30":0,"31":6,"32":6,"33":6,"34":0,"35":6,"36":6,"37":3,"38":3,"39":3,"40":0,"41":0,"42":3,"43":3,"44":6,"45":6,"46":6,"47":6,"48":0,"49":0,"50":0,"51":0,"52":0,"53":0,"54":0,"55":0,"56":6,"57":0,"58":0,"59":0,"60":0,"61":0,"62":6,"63":6,"64":0,"65":0,"66":6,"67":5,"68":4,"69":0,"70":0},"f":{"0":0,"1":0,"2":0,"3":3,"4":6,"5":0,"6":0,"7":0,"8":0,"9":6,"10":6,"11":6,"12":6,"13":6,"14":0,"15":0,"16":3,"17":6,"18":0,"19":0,"20":0,"21":6,"22":0,"23":0,"24":0},"b":{"0":[0,0],"1":[0,0],"2":[0],"3":[0,0],"4":[0,0],"5":[2],"6":[1,2],"7":[0,0],"8":[0],"9":[3],"10":[6,6],"11":[6],"12":[6,0],"13":[6],"14":[3],"15":[6,6],"16":[6],"17":[6,3],"18":[0],"19":[0,0],"20":[0],"21":[0],"22":[0,0,0],"23":[6,0],"24":[1],"25":[6,1],"26":[1],"27":[5,1],"28":[1],"29":[3]}}
,"/Users/mohammed/Desktop/doodle/chat-app/src/lib/api.ts": {"path":"/Users/mohammed/Desktop/doodle/chat-app/src/lib/api.ts","statementMap":{"0":{"start":{"line":82,"column":24},"end":{"line":82,"column":null}},"1":{"start":{"line":82,"column":9},"end":{"line":82,"column":24}},"2":{"start":{"line":3,"column":21},"end":{"line":3,"column":null}},"3":{"start":{"line":4,"column":19},"end":{"line":4,"column":null}},"4":{"start":{"line":14,"column":16},"end":{"line":14,"column":33}},"5":{"start":{"line":16,"column":4},"end":{"line":18,"column":97}},"6":{"start":{"line":20,"column":2},"end":{"line":25,"column":null}},"7":{"start":{"line":29,"column":2},"end":{"line":29,"column":null}},"8":{"start":{"line":29,"column":30},"end":{"line":29,"column":null}},"9":{"start":{"line":30,"column":2},"end":{"line":34,"column":null}},"10":{"start":{"line":31,"column":14},"end":{"line":31,"column":null}},"11":{"start":{"line":32,"column":4},"end":{"line":32,"column":null}},"12":{"start":{"line":32,"column":35},"end":{"line":32,"column":null}},"13":{"start":{"line":33,"column":4},"end":{"line":33,"column":null}},"14":{"start":{"line":33,"column":31},"end":{"line":33,"column":null}},"15":{"start":{"line":35,"column":2},"end":{"line":35,"column":null}},"16":{"start":{"line":39,"column":17},"end":{"line":39,"column":null}},"17":{"start":{"line":41,"column":2},"end":{"line":41,"column":null}},"18":{"start":{"line":41,"column":21},"end":{"line":41,"column":null}},"19":{"start":{"line":42,"column":2},"end":{"line":42,"column":null}},"20":{"start":{"line":42,"column":21},"end":{"line":42,"column":null}},"21":{"start":{"line":43,"column":2},"end":{"line":43,"column":null}},"22":{"start":{"line":43,"column":22},"end":{"line":43,"column":null}},"23":{"start":{"line":45,"column":14},"end":{"line":45,"column":87}},"24":{"start":{"line":47,"column":19},"end":{"line":53,"column":null}},"25":{"start":{"line":55,"column":2},"end":{"line":57,"column":null}},"26":{"start":{"line":56,"column":4},"end":{"line":56,"column":null}},"27":{"start":{"line":59,"column":18},"end":{"line":59,"column":null}},"28":{"start":{"line":60,"column":15},"end":{"line":60,"column":null}},"29":{"start":{"line":61,"column":2},"end":{"line":61,"column":null}},"30":{"start":{"line":61,"column":35},"end":{"line":61,"column":null}},"31":{"start":{"line":65,"column":19},"end":{"line":72,"column":null}},"32":{"start":{"line":74,"column":2},"end":{"line":76,"column":null}},"33":{"start":{"line":75,"column":4},"end":{"line":75,"column":null}},"34":{"start":{"line":78,"column":16},"end":{"line":78,"column":null}},"35":{"start":{"line":79,"column":2},"end":{"line":79,"column":null}}},"fnMap":{"0":{"name":"normalizeMessage","decl":{"start":{"line":13,"column":9},"end":{"line":13,"column":26}},"loc":{"start":{"line":13,"column":69},"end":{"line":26,"column":null}}},"1":{"name":"unwrapMessageList","decl":{"start":{"line":28,"column":9},"end":{"line":28,"column":27}},"loc":{"start":{"line":28,"column":43},"end":{"line":36,"column":null}}},"2":{"name":"fetchMessages","decl":{"start":{"line":38,"column":15},"end":{"line":38,"column":29}},"loc":{"start":{"line":38,"column":63},"end":{"line":62,"column":null}}},"3":{"name":"(anonymous_6)","decl":{"start":{"line":61,"column":18},"end":{"line":61,"column":19}},"loc":{"start":{"line":61,"column":35},"end":{"line":61,"column":null}}},"4":{"name":"createMessage","decl":{"start":{"line":64,"column":15},"end":{"line":64,"column":29}},"loc":{"start":{"line":64,"column":58},"end":{"line":80,"column":null}}}},"branchMap":{"0":{"loc":{"start":{"line":3,"column":21},"end":{"line":3,"column":null}},"type":"binary-expr","locations":[{"start":{"line":3,"column":21},"end":{"line":3,"column":52}},{"start":{"line":3,"column":56},"end":{"line":3,"column":null}}]},"1":{"loc":{"start":{"line":4,"column":19},"end":{"line":4,"column":null}},"type":"binary-expr","locations":[{"start":{"line":4,"column":19},"end":{"line":4,"column":53}},{"start":{"line":4,"column":57},"end":{"line":4,"column":null}}]},"2":{"loc":{"start":{"line":14,"column":16},"end":{"line":14,"column":33}},"type":"binary-expr","locations":[{"start":{"line":14,"column":16},"end":{"line":14,"column":23}},{"start":{"line":14,"column":27},"end":{"line":14,"column":33}}]},"3":{"loc":{"start":{"line":16,"column":4},"end":{"line":18,"column":97}},"type":"cond-expr","locations":[{"start":{"line":17,"column":8},"end":{"line":17,"column":null}},{"start":{"line":18,"column":8},"end":{"line":18,"column":97}}]},"4":{"loc":{"start":{"line":16,"column":4},"end":{"line":16,"column":null}},"type":"binary-expr","locations":[{"start":{"line":16,"column":4},"end":{"line":16,"column":21}},{"start":{"line":16,"column":21},"end":{"line":16,"column":null}}]},"5":{"loc":{"start":{"line":18,"column":33},"end":{"line":18,"column":54}},"type":"binary-expr","locations":[{"start":{"line":18,"column":33},"end":{"line":18,"column":46}},{"start":{"line":18,"column":50},"end":{"line":18,"column":54}}]},"6":{"loc":{"start":{"line":18,"column":64},"end":{"line":18,"column":83}},"type":"binary-expr","locations":[{"start":{"line":18,"column":64},"end":{"line":18,"column":75}},{"start":{"line":18,"column":79},"end":{"line":18,"column":83}}]},"7":{"loc":{"start":{"line":22,"column":20},"end":{"line":22,"column":null}},"type":"binary-expr","locations":[{"start":{"line":22,"column":20},"end":{"line":22,"column":31}},{"start":{"line":22,"column":35},"end":{"line":22,"column":null}}]},"8":{"loc":{"start":{"line":23,"column":19},"end":{"line":23,"column":null}},"type":"binary-expr","locations":[{"start":{"line":23,"column":19},"end":{"line":23,"column":29}},{"start":{"line":23,"column":33},"end":{"line":23,"column":null}}]},"9":{"loc":{"start":{"line":24,"column":22},"end":{"line":24,"column":null}},"type":"binary-expr","locations":[{"start":{"line":24,"column":22},"end":{"line":24,"column":35}},{"start":{"line":24,"column":39},"end":{"line":24,"column":null}}]},"10":{"loc":{"start":{"line":29,"column":2},"end":{"line":29,"column":null}},"type":"if","locations":[{"start":{"line":29,"column":2},"end":{"line":29,"column":null}}]},"11":{"loc":{"start":{"line":30,"column":2},"end":{"line":34,"column":null}},"type":"if","locations":[{"start":{"line":30,"column":2},"end":{"line":34,"column":null}}]},"12":{"loc":{"start":{"line":30,"column":6},"end":{"line":30,"column":46}},"type":"binary-expr","locations":[{"start":{"line":30,"column":6},"end":{"line":30,"column":17}},{"start":{"line":30,"column":17},"end":{"line":30,"column":46}}]},"13":{"loc":{"start":{"line":32,"column":4},"end":{"line":32,"column":null}},"type":"if","locations":[{"start":{"line":32,"column":4},"end":{"line":32,"column":null}}]},"14":{"loc":{"start":{"line":33,"column":4},"end":{"line":33,"column":null}},"type":"if","locations":[{"start":{"line":33,"column":4},"end":{"line":33,"column":null}}]},"15":{"loc":{"start":{"line":38,"column":29},"end":{"line":38,"column":63}},"type":"default-arg","locations":[{"start":{"line":38,"column":61},"end":{"line":38,"column":63}}]},"16":{"loc":{"start":{"line":41,"column":2},"end":{"line":41,"column":null}},"type":"if","locations":[{"start":{"line":41,"column":2},"end":{"line":41,"column":null}}]},"17":{"loc":{"start":{"line":42,"column":2},"end":{"line":42,"column":null}},"type":"if","locations":[{"start":{"line":42,"column":2},"end":{"line":42,"column":null}}]},"18":{"loc":{"start":{"line":43,"column":2},"end":{"line":43,"column":null}},"type":"if","locations":[{"start":{"line":43,"column":2},"end":{"line":43,"column":null}}]},"19":{"loc":{"start":{"line":45,"column":48},"end":{"line":45,"column":87}},"type":"cond-expr","locations":[{"start":{"line":45,"column":68},"end":{"line":45,"column":80}},{"start":{"line":45,"column":83},"end":{"line":45,"column":87}}]},"20":{"loc":{"start":{"line":55,"column":2},"end":{"line":57,"column":null}},"type":"if","locations":[{"start":{"line":55,"column":2},"end":{"line":57,"column":null}}]},"21":{"loc":{"start":{"line":74,"column":2},"end":{"line":76,"column":null}},"type":"if","locations":[{"start":{"line":74,"column":2},"end":{"line":76,"column":null}}]}},"s":{"0":6,"1":20,"2":3,"3":3,"4":16,"5":16,"6":16,"7":16,"8":13,"9":3,"10":2,"11":2,"12":1,"13":1,"14":1,"15":1,"16":19,"17":19,"18":1,"19":19,"20":2,"21":19,"22":1,"23":19,"24":19,"25":18,"26":2,"27":16,"28":16,"29":16,"30":11,"31":5,"32":5,"33":0,"34":5,"35":5},"f":{"0":16,"1":16,"2":19,"3":11,"4":5},"b":{"0":[3,3],"1":[3,3],"2":[16,14],"3":[13,3],"4":[16,14],"5":[3,1],"6":[3,1],"7":[16,2],"8":[16,2],"9":[16,2],"10":[13],"11":[2],"12":[3,2],"13":[1],"14":[1],"15":[15],"16":[1],"17":[2],"18":[1],"19":[4,15],"20":[2],"21":[0]}}
}
