TN:
SF:src/components/Chat.tsx
FN:12,sortMessagesByDate
FN:14,(anonymous_3)
FN:20,mergeMessagesWithServer
FN:31,Chat
FN:45,(anonymous_6)
FN:58,(anonymous_7)
FN:70,(anonymous_8)
FN:86,(anonymous_9)
FN:100,(anonymous_10)
FN:102,(anonymous_11)
FN:111,(anonymous_12)
FN:112,(anonymous_13)
FN:122,(anonymous_14)
FN:125,(anonymous_15)
FN:128,(anonymous_16)
FN:131,(anonymous_17)
FN:142,(anonymous_18)
FN:143,(anonymous_19)
FNF:18
FNH:15
FNDA:80,sortMessagesByDate
FNDA:344,(anonymous_3)
FNDA:18,mergeMessagesWithServer
FNDA:48,Chat
FNDA:19,(anonymous_6)
FNDA:41,(anonymous_7)
FNDA:18,(anonymous_8)
FNDA:0,(anonymous_9)
FNDA:0,(anonymous_10)
FNDA:0,(anonymous_11)
FNDA:21,(anonymous_12)
FNDA:21,(anonymous_13)
FNDA:21,(anonymous_14)
FNDA:37,(anonymous_15)
FNDA:10,(anonymous_16)
FNDA:5,(anonymous_17)
FNDA:3,(anonymous_18)
FNDA:3,(anonymous_19)
DA:3,1
DA:5,1
DA:6,1
DA:7,1
DA:9,1
DA:10,1
DA:13,80
DA:15,344
DA:21,18
DA:22,18
DA:23,131
DA:25,18
DA:26,5
DA:28,18
DA:31,19
DA:32,48
DA:33,48
DA:34,48
DA:35,48
DA:36,48
DA:37,48
DA:38,48
DA:39,48
DA:40,48
DA:41,48
DA:42,48
DA:43,48
DA:45,48
DA:46,19
DA:48,19
DA:49,2
DA:58,48
DA:59,41
DA:60,41
DA:61,41
DA:62,41
DA:64,41
DA:70,39
DA:72,39
DA:73,26
DA:76,39
DA:78,2
DA:79,2
DA:81,0
DA:86,48
DA:87,0
DA:89,0
DA:90,0
DA:91,0
DA:92,0
DA:97,0
DA:98,0
DA:100,0
DA:101,0
DA:102,0
DA:105,0
DA:107,0
DA:111,48
DA:112,21
DA:113,21
DA:114,21
DA:115,21
DA:118,21
DA:120,21
DA:122,21
DA:125,48
DA:126,37
DA:127,10
DA:128,10
DA:131,48
DA:132,5
DA:133,5
DA:135,5
DA:136,5
DA:140,3
DA:141,3
DA:142,3
DA:143,3
DA:145,1
DA:146,1
DA:148,0
DA:151,4
LF:82
LH:68
BRDA:26,0,0,1
BRDA:48,1,0,2
BRDA:62,2,0,13
BRDA:62,2,1,28
BRDA:65,3,0,13
BRDA:65,3,1,28
BRDA:72,4,0,26
BRDA:76,5,0,1
BRDA:78,6,0,2
BRDA:78,6,1,0
BRDA:87,7,0,0
BRDA:87,8,0,0
BRDA:87,8,1,0
BRDA:87,8,2,0
BRDA:97,9,0,0
BRDA:97,9,1,0
BRDA:126,10,0,27
BRDA:126,11,0,37
BRDA:126,11,1,16
BRDA:126,11,2,16
BRDA:145,12,0,1
BRDA:145,12,1,0
BRF:22
BRH:14
end_of_record
TN:
SF:src/components/MessageInput.tsx
FN:11,MessageInput
FN:19,(anonymous_2)
FN:35,(anonymous_3)
FN:52,(anonymous_4)
FNF:4
FNH:4
FNDA:70,MessageInput
FNDA:5,(anonymous_2)
FNDA:54,(anonymous_3)
FNDA:51,(anonymous_4)
DA:3,1
DA:11,10
DA:16,70
DA:17,70
DA:19,70
DA:20,5
DA:21,5
DA:23,5
DA:24,5
DA:26,5
DA:27,1
DA:28,1
DA:31,4
DA:32,4
DA:35,70
DA:36,54
DA:37,2
DA:38,2
DA:52,51
LF:19
LH:19
BRDA:26,0,0,1
BRDA:31,1,0,4
BRDA:31,1,1,1
BRDA:36,2,0,2
BRDA:36,3,0,54
BRDA:36,3,1,3
BRDA:61,4,0,70
BRDA:61,4,1,69
BRDA:65,5,0,1
BRDA:65,5,1,69
BRDA:72,6,0,70
BRF:11
BRH:11
end_of_record
TN:
SF:src/components/MessageList.tsx
FN:20,decodeEntities
FN:27,formatTimestamp
FN:45,MessageBubble
FN:84,MessageState
FN:124,MessageList
FN:146,(anonymous_6)
FN:147,(anonymous_7)
FN:149,(anonymous_8)
FN:150,(anonymous_9)
FN:153,(anonymous_10)
FN:158,(anonymous_11)
FN:163,(anonymous_12)
FN:169,(anonymous_13)
FN:174,(anonymous_14)
FN:177,(anonymous_15)
FN:178,(anonymous_16)
FN:182,(anonymous_17)
FN:185,(anonymous_18)
FN:189,(anonymous_19)
FN:196,(anonymous_20)
FN:199,(anonymous_21)
FN:211,(anonymous_22)
FN:213,(anonymous_23)
FN:218,(anonymous_24)
FN:263,(anonymous_25)
FNF:25
FNH:10
FNDA:0,decodeEntities
FNDA:0,formatTimestamp
FNDA:0,MessageBubble
FNDA:3,MessageState
FNDA:6,MessageList
FNDA:0,(anonymous_6)
FNDA:0,(anonymous_7)
FNDA:0,(anonymous_8)
FNDA:0,(anonymous_9)
FNDA:6,(anonymous_10)
FNDA:6,(anonymous_11)
FNDA:6,(anonymous_12)
FNDA:6,(anonymous_13)
FNDA:6,(anonymous_14)
FNDA:0,(anonymous_15)
FNDA:0,(anonymous_16)
FNDA:3,(anonymous_17)
FNDA:6,(anonymous_18)
FNDA:0,(anonymous_19)
FNDA:0,(anonymous_20)
FNDA:0,(anonymous_21)
FNDA:6,(anonymous_22)
FNDA:0,(anonymous_23)
FNDA:0,(anonymous_24)
FNDA:0,(anonymous_25)
DA:11,1
DA:12,1
DA:21,0
DA:28,0
DA:30,0
DA:45,1
DA:122,1
DA:124,6
DA:135,6
DA:136,6
DA:137,6
DA:138,6
DA:139,6
DA:144,6
DA:146,0
DA:147,0
DA:149,0
DA:150,0
DA:153,6
DA:154,6
DA:155,6
DA:158,6
DA:159,6
DA:160,3
DA:163,6
DA:164,6
DA:165,0
DA:166,0
DA:169,6
DA:170,6
DA:171,0
DA:174,6
DA:175,6
DA:176,3
DA:177,3
DA:178,0
DA:179,0
DA:182,3
DA:185,6
DA:186,6
DA:187,6
DA:189,0
DA:190,0
DA:191,0
DA:192,0
DA:195,0
DA:196,0
DA:199,6
DA:200,0
DA:201,0
DA:202,0
DA:204,0
DA:205,0
DA:210,6
DA:212,6
DA:214,0
DA:218,0
DA:222,6
DA:231,5
DA:235,4
DA:264,0
DA:265,0
LF:62
LH:35
BRDA:48,0,0,0
BRDA:48,0,1,0
BRDA:53,1,0,0
BRDA:53,1,1,0
BRDA:58,2,0,0
BRDA:65,3,0,0
BRDA:65,3,1,0
BRDA:74,4,0,0
BRDA:74,4,1,0
BRDA:87,5,0,2
BRDA:98,6,0,1
BRDA:98,6,1,2
BRDA:149,7,0,0
BRDA:149,7,1,0
BRDA:154,8,0,0
BRDA:159,9,0,3
BRDA:159,10,0,6
BRDA:159,10,1,6
BRDA:164,11,0,6
BRDA:164,12,0,6
BRDA:164,12,1,0
BRDA:170,13,0,6
BRDA:175,14,0,3
BRDA:175,15,0,6
BRDA:175,15,1,6
BRDA:187,16,0,6
BRDA:187,17,0,6
BRDA:187,17,1,3
BRDA:190,18,0,0
BRDA:190,19,0,0
BRDA:190,19,1,0
BRDA:200,20,0,0
BRDA:204,21,0,0
BRDA:204,22,0,0
BRDA:204,22,1,0
BRDA:204,22,2,0
BRDA:212,23,0,6
BRDA:212,23,1,0
BRDA:222,24,0,1
BRDA:222,25,0,6
BRDA:222,25,1,1
BRDA:231,26,0,1
BRDA:231,27,0,5
BRDA:231,27,1,1
BRDA:235,28,0,1
BRDA:250,29,0,3
BRF:46
BRH:24
end_of_record
TN:
SF:src/lib/api.ts
FN:13,normalizeMessage
FN:28,unwrapMessageList
FN:38,fetchMessages
FN:61,(anonymous_6)
FN:64,createMessage
FNF:5
FNH:5
FNDA:16,normalizeMessage
FNDA:16,unwrapMessageList
FNDA:19,fetchMessages
FNDA:11,(anonymous_6)
FNDA:5,createMessage
DA:3,3
DA:4,3
DA:14,16
DA:16,16
DA:20,16
DA:29,16
DA:30,3
DA:31,2
DA:32,2
DA:33,1
DA:35,1
DA:39,19
DA:41,19
DA:42,19
DA:43,19
DA:45,19
DA:47,19
DA:55,18
DA:56,2
DA:59,16
DA:60,16
DA:61,16
DA:65,5
DA:74,5
DA:75,0
DA:78,5
DA:79,5
DA:82,20
LF:28
LH:27
BRDA:3,0,0,3
BRDA:3,0,1,3
BRDA:4,1,0,3
BRDA:4,1,1,3
BRDA:14,2,0,16
BRDA:14,2,1,14
BRDA:16,3,0,13
BRDA:16,3,1,3
BRDA:16,4,0,16
BRDA:16,4,1,14
BRDA:18,5,0,3
BRDA:18,5,1,1
BRDA:18,6,0,3
BRDA:18,6,1,1
BRDA:22,7,0,16
BRDA:22,7,1,2
BRDA:23,8,0,16
BRDA:23,8,1,2
BRDA:24,9,0,16
BRDA:24,9,1,2
BRDA:29,10,0,13
BRDA:30,11,0,2
BRDA:30,12,0,3
BRDA:30,12,1,2
BRDA:32,13,0,1
BRDA:33,14,0,1
BRDA:38,15,0,15
BRDA:41,16,0,1
BRDA:42,17,0,2
BRDA:43,18,0,1
BRDA:45,19,0,4
BRDA:45,19,1,15
BRDA:55,20,0,2
BRDA:74,21,0,0
BRF:34
BRH:33
end_of_record
